#
# There is insufficient memory for the Java Runtime Environment to continue.
# Native memory allocation (mmap) failed to map 65536 bytes. Error detail: Failed to commit metaspace.
# Possible reasons:
#   The system is out of physical RAM or swap space
#   This process is running with CompressedOops enabled, and the Java Heap may be blocking the growth of the native heap
# Possible solutions:
#   Reduce memory load on the system
#   Increase physical memory or swap space
#   Check if swap backing store is full
#   Decrease Java heap size (-Xmx/-Xms)
#   Decrease number of Java threads
#   Decrease Java thread stack sizes (-Xss)
#   Set larger code cache with -XX:ReservedCodeCacheSize=
#   JVM is running with Unscaled Compressed Oops mode in which the Java heap is
#     placed in the first 4GB address space. The Java Heap base address is the
#     maximum limit for the native heap growth. Please use -XX:HeapBaseMinAddress
#     to set the Java Heap base and to place the Java Heap above 4GB virtual address.
# This output file may be truncated or incomplete.
#
#  Out of Memory Error (virtualSpaceNode.cpp:113), pid=35832, tid=28428
#
# JRE version:  (21.0.8+9) (build )
# Java VM: OpenJDK 64-Bit Server VM (21.0.8+9-LTS, mixed mode, tiered, compressed oops, compressed class ptrs, parallel gc, windows-amd64)
# No core dump will be written. Minidumps are not enabled by default on client versions of Windows
#

---------------  S U M M A R Y ------------

Command Line: --add-modules=ALL-SYSTEM --add-opens=java.base/java.util=ALL-UNNAMED --add-opens=java.base/java.lang=ALL-UNNAMED --add-opens=java.base/sun.nio.fs=ALL-UNNAMED -Declipse.application=org.eclipse.jdt.ls.core.id1 -Dosgi.bundles.defaultStartLevel=4 -Declipse.product=org.eclipse.jdt.ls.core.product -Djava.import.generatesMetadataFilesAtProjectRoot=false -DDetectVMInstallationsJob.disabled=true -Dfile.encoding=utf8 -XX:+UseParallelGC -XX:GCTimeRatio=4 -XX:AdaptiveSizePolicyWeight=90 -Dsun.zip.disableMemoryMapping=true -Xmx2G -Xms100m -Xlog:disable -javaagent:c:\Users\jc4ba\.vscode\extensions\redhat.java-1.44.0-win32-x64\lombok\lombok-1.18.39-4050.jar -XX:+HeapDumpOnOutOfMemoryError -XX:HeapDumpPath=c:\Users\jc4ba\AppData\Roaming\Code\User\workspaceStorage\5e1cebdbb8de3047939de38de9c89ea7\redhat.java -Daether.dependencyCollector.impl=bf c:\Users\jc4ba\.vscode\extensions\redhat.java-1.44.0-win32-x64\server\plugins\org.eclipse.equinox.launcher_1.7.0.v20250519-0528.jar -configuration c:\Users\jc4ba\AppData\Roaming\Code\User\globalStorage\redhat.java\1.44.0\config_win -data c:\Users\jc4ba\AppData\Roaming\Code\User\workspaceStorage\5e1cebdbb8de3047939de38de9c89ea7\redhat.java\jdt_ws --pipe=\\.\pipe\lsp-d5c2ab9a330352b6db125b69d933369e-sock

Host: Intel(R) Core(TM) i5-1035G1 CPU @ 1.00GHz, 8 cores, 19G,  Windows 10 , 64 bit Build 19041 (10.0.19041.5915)
Time: Tue Sep  9 10:25:59 2025 Malay Peninsula Standard Time elapsed time: 0.085233 seconds (0d 0h 0m 0s)

---------------  T H R E A D  ---------------

Current thread (0x0000024dd4ac3430):  JavaThread "Unknown thread" [_thread_in_vm, id=28428, stack(0x00000054ebb00000,0x00000054ebc00000) (1024K)]

Stack: [0x00000054ebb00000,0x00000054ebc00000]
Native frames: (J=compiled Java code, j=interpreted, Vv=VM code, C=native code)
V  [jvm.dll+0x6d2449]
V  [jvm.dll+0x8ae341]
V  [jvm.dll+0x8b08be]
V  [jvm.dll+0x8b0fa3]
V  [jvm.dll+0x280c96]
V  [jvm.dll+0x8aa07e]
V  [jvm.dll+0x6745b5]
V  [jvm.dll+0x67461a]
V  [jvm.dll+0x676e02]
V  [jvm.dll+0x676cd2]
V  [jvm.dll+0x674f8e]
V  [jvm.dll+0x26bc76]
V  [jvm.dll+0x217447]
V  [jvm.dll+0x20cece]
V  [jvm.dll+0x5b19dc]
V  [jvm.dll+0x21e5ba]
V  [jvm.dll+0x826c6c]
V  [jvm.dll+0x827c94]
V  [jvm.dll+0x828262]
V  [jvm.dll+0x827ee8]
V  [jvm.dll+0x8ac323]
V  [jvm.dll+0x8ac106]
V  [jvm.dll+0x875bf9]
V  [jvm.dll+0x8774fd]
V  [jvm.dll+0x3bec99]
V  [jvm.dll+0x8606d8]
V  [jvm.dll+0x4530ee]
V  [jvm.dll+0x454d31]
C  [jli.dll+0x5278]
C  [ucrtbase.dll+0x21bb2]
C  [KERNEL32.DLL+0x17374]
C  [ntdll.dll+0x4cc91]


---------------  P R O C E S S  ---------------

Threads class SMR info:
_java_thread_list=0x0000024dd4b88ba0, length=1, elements={
0x0000024dd4ac3430
}

Java Threads: ( => current thread )
=>0x0000024dd4ac3430 JavaThread "Unknown thread"             [_thread_in_vm, id=28428, stack(0x00000054ebb00000,0x00000054ebc00000) (1024K)]
Total: 1

Other Threads:
  0x0000024dd4b88f40 WatcherThread "VM Periodic Task Thread"        [id=32672, stack(0x00000054ebd00000,0x00000054ebe00000) (1024K)]
  0x0000024dd4ae1300 WorkerThread "GC Thread#0"                     [id=23880, stack(0x00000054ebc00000,0x00000054ebd00000) (1024K)]
Total: 2

Threads with active compile tasks:
Total: 0

VM state: not at safepoint (not fully initialized)

VM Mutex/Monitor currently owned by a thread:  ([mutex/lock_event])
[0x00007ffb0f1e3458] Metaspace_lock - owner thread: 0x0000024dd4ac3430

Heap address: 0x0000000080000000, size: 2048 MB, Compressed Oops mode: 32-bit

CDS archive(s) not mapped
Compressed class space mapped at: 0x0000000100000000-0x0000000140000000, reserved size: 1073741824
Narrow klass base: 0x0000000000000000, Narrow klass shift: 3, Narrow klass range: 0x140000000

GC Precious Log:
 CardTable entry size: 512
 CPUs: 8 total, 8 available
 Memory: 20244M
 Large Page Support: Disabled
 NUMA Support: Disabled
 Compressed Oops: Enabled (32-bit)
 Alignments: Space 512K, Generation 512K, Heap 2M
 Heap Min Capacity: 100M
 Heap Initial Capacity: 100M
 Heap Max Capacity: 2G
 Pre-touch: Disabled
 Parallel Workers: 8

Heap:
 PSYoungGen      total 29696K, used 512K [0x00000000d5580000, 0x00000000d7680000, 0x0000000100000000)
  eden space 25600K, 2% used [0x00000000d5580000,0x00000000d5600070,0x00000000d6e80000)
  from space 4096K, 0% used [0x00000000d7280000,0x00000000d7280000,0x00000000d7680000)
  to   space 4096K, 0% used [0x00000000d6e80000,0x00000000d6e80000,0x00000000d7280000)
 ParOldGen       total 68608K, used 0K [0x0000000080000000, 0x0000000084300000, 0x00000000d5580000)
  object space 68608K, 0% used [0x0000000080000000,0x0000000080000000,0x0000000084300000)
 Metaspace       used 766K, committed 768K, reserved 1114112K
  class space    used 62K, committed 64K, reserved 1048576K

Card table byte_map: [0x0000024dd4470000,0x0000024dd4880000] _byte_map_base: 0x0000024dd4070000

Marking Bits: (ParMarkBitMap*) 0x00007ffb0f1ea340
 Begin Bits: [0x0000024de6f70000, 0x0000024de8f70000)
 End Bits:   [0x0000024de8f70000, 0x0000024deaf70000)

GC Heap History (0 events):
No events

Dll operation events (2 events):
Event: 0.016 Loaded shared library c:\Users\jc4ba\.vscode\extensions\redhat.java-1.44.0-win32-x64\jre\21.0.8-win32-x86_64\bin\java.dll
Event: 0.024 Loaded shared library c:\Users\jc4ba\.vscode\extensions\redhat.java-1.44.0-win32-x64\jre\21.0.8-win32-x86_64\bin\zip.dll

Deoptimization events (0 events):
No events

Classes loaded (20 events):
Event: 0.078 Loading class java/lang/invoke/VarHandle done
Event: 0.078 Loading class java/lang/invoke/MemberName
Event: 0.078 Loading class java/lang/invoke/MemberName done
Event: 0.078 Loading class java/lang/invoke/ResolvedMethodName
Event: 0.078 Loading class java/lang/invoke/ResolvedMethodName done
Event: 0.078 Loading class java/lang/invoke/MethodHandleNatives
Event: 0.079 Loading class java/lang/invoke/MethodHandleNatives done
Event: 0.079 Loading class java/lang/invoke/LambdaForm
Event: 0.080 Loading class java/lang/invoke/LambdaForm done
Event: 0.080 Loading class java/lang/invoke/MethodType
Event: 0.081 Loading class java/lang/invoke/TypeDescriptor$OfMethod
Event: 0.081 Loading class java/lang/invoke/TypeDescriptor$OfMethod done
Event: 0.081 Loading class java/lang/invoke/MethodType done
Event: 0.081 Loading class java/lang/BootstrapMethodError
Event: 0.081 Loading class java/lang/BootstrapMethodError done
Event: 0.081 Loading class java/lang/invoke/CallSite
Event: 0.082 Loading class java/lang/invoke/CallSite done
Event: 0.082 Loading class jdk/internal/foreign/abi/NativeEntryPoint
Event: 0.082 Loading class jdk/internal/foreign/abi/NativeEntryPoint done
Event: 0.082 Loading class jdk/internal/foreign/abi/ABIDescriptor

Classes unloaded (0 events):
No events

Classes redefined (0 events):
No events

Internal exceptions (0 events):
No events

ZGC Phase Switch (0 events):
No events

VM Operations (0 events):
No events

Memory protections (0 events):
No events

Nmethod flushes (0 events):
No events

Events (1 events):
Event: 0.022 Thread 0x0000024dd4ac3430 Thread added: 0x0000024dd4ac3430


Dynamic libraries:
0x00007ff640ca0000 - 0x00007ff640cae000 	c:\Users\jc4ba\.vscode\extensions\redhat.java-1.44.0-win32-x64\jre\21.0.8-win32-x86_64\bin\java.exe
0x00007ffbbcc90000 - 0x00007ffbbce88000 	C:\Windows\SYSTEM32\ntdll.dll
0x00007ffbbc3e0000 - 0x00007ffbbc4a2000 	C:\Windows\System32\KERNEL32.DLL
0x00007ffbba3d0000 - 0x00007ffbba6c7000 	C:\Windows\System32\KERNELBASE.dll
0x00007ffbba800000 - 0x00007ffbba900000 	C:\Windows\System32\ucrtbase.dll
0x00007ffba2940000 - 0x00007ffba2958000 	c:\Users\jc4ba\.vscode\extensions\redhat.java-1.44.0-win32-x64\jre\21.0.8-win32-x86_64\bin\jli.dll
0x00007ffba51e0000 - 0x00007ffba51fe000 	c:\Users\jc4ba\.vscode\extensions\redhat.java-1.44.0-win32-x64\jre\21.0.8-win32-x86_64\bin\VCRUNTIME140.dll
0x00007ffbbb220000 - 0x00007ffbbb3bd000 	C:\Windows\System32\USER32.dll
0x00007ffbbab10000 - 0x00007ffbbab32000 	C:\Windows\System32\win32u.dll
0x00007ffbbc4b0000 - 0x00007ffbbc4db000 	C:\Windows\System32\GDI32.dll
0x00007ffbbab90000 - 0x00007ffbbaca9000 	C:\Windows\System32\gdi32full.dll
0x00007ffbba760000 - 0x00007ffbba7fd000 	C:\Windows\System32\msvcp_win.dll
0x00007ffba73a0000 - 0x00007ffba763a000 	C:\Windows\WinSxS\amd64_microsoft.windows.common-controls_6595b64144ccf1df_6.0.19041.5915_none_60b4b9d171f9c7c7\COMCTL32.dll
0x00007ffbbbab0000 - 0x00007ffbbbb4e000 	C:\Windows\System32\msvcrt.dll
0x00007ffbbbb50000 - 0x00007ffbbbb7f000 	C:\Windows\System32\IMM32.DLL
0x00007ffbb3440000 - 0x00007ffbb344c000 	c:\Users\jc4ba\.vscode\extensions\redhat.java-1.44.0-win32-x64\jre\21.0.8-win32-x86_64\bin\vcruntime140_1.dll
0x00007ffb590a0000 - 0x00007ffb5912d000 	c:\Users\jc4ba\.vscode\extensions\redhat.java-1.44.0-win32-x64\jre\21.0.8-win32-x86_64\bin\msvcp140.dll
0x00007ffb0e530000 - 0x00007ffb0f2c7000 	c:\Users\jc4ba\.vscode\extensions\redhat.java-1.44.0-win32-x64\jre\21.0.8-win32-x86_64\bin\server\jvm.dll
0x00007ffbbb9f0000 - 0x00007ffbbbaa1000 	C:\Windows\System32\ADVAPI32.dll
0x00007ffbbb840000 - 0x00007ffbbb8df000 	C:\Windows\System32\sechost.dll
0x00007ffbbc610000 - 0x00007ffbbc736000 	C:\Windows\System32\RPCRT4.dll
0x00007ffbba320000 - 0x00007ffbba347000 	C:\Windows\System32\bcrypt.dll
0x00007ffbbc310000 - 0x00007ffbbc37b000 	C:\Windows\System32\WS2_32.dll
0x00007ffbb98b0000 - 0x00007ffbb98fb000 	C:\Windows\SYSTEM32\POWRPROF.dll
0x00007ffbb21f0000 - 0x00007ffbb2217000 	C:\Windows\SYSTEM32\WINMM.dll
0x00007ffbb3070000 - 0x00007ffbb307a000 	C:\Windows\SYSTEM32\VERSION.dll
0x00007ffbb9720000 - 0x00007ffbb9732000 	C:\Windows\SYSTEM32\UMPDC.dll
0x00007ffbb8230000 - 0x00007ffbb8242000 	C:\Windows\SYSTEM32\kernel.appcore.dll
0x00007ffbb1cc0000 - 0x00007ffbb1cca000 	c:\Users\jc4ba\.vscode\extensions\redhat.java-1.44.0-win32-x64\jre\21.0.8-win32-x86_64\bin\jimage.dll
0x00007ffbb7f70000 - 0x00007ffbb8171000 	C:\Windows\SYSTEM32\DBGHELP.DLL
0x00007ffba5200000 - 0x00007ffba5234000 	C:\Windows\SYSTEM32\dbgcore.DLL
0x00007ffbba6d0000 - 0x00007ffbba752000 	C:\Windows\System32\bcryptPrimitives.dll
0x00007ffbb1860000 - 0x00007ffbb186f000 	c:\Users\jc4ba\.vscode\extensions\redhat.java-1.44.0-win32-x64\jre\21.0.8-win32-x86_64\bin\instrument.dll
0x00007ffba0370000 - 0x00007ffba038f000 	c:\Users\jc4ba\.vscode\extensions\redhat.java-1.44.0-win32-x64\jre\21.0.8-win32-x86_64\bin\java.dll
0x00007ffb9da40000 - 0x00007ffb9da58000 	c:\Users\jc4ba\.vscode\extensions\redhat.java-1.44.0-win32-x64\jre\21.0.8-win32-x86_64\bin\zip.dll

JVMTI agents:
c:\Users\jc4ba\.vscode\extensions\redhat.java-1.44.0-win32-x64\lombok\lombok-1.18.39-4050.jar path:none, loaded, not initialized, instrumentlib options:none

dbghelp: loaded successfully - version: 4.0.5 - missing functions: none
symbol engine: initialized successfully - sym options: 0x614 - pdb path: .;c:\Users\jc4ba\.vscode\extensions\redhat.java-1.44.0-win32-x64\jre\21.0.8-win32-x86_64\bin;C:\Windows\SYSTEM32;C:\Windows\WinSxS\amd64_microsoft.windows.common-controls_6595b64144ccf1df_6.0.19041.5915_none_60b4b9d171f9c7c7;c:\Users\jc4ba\.vscode\extensions\redhat.java-1.44.0-win32-x64\jre\21.0.8-win32-x86_64\bin\server

VM Arguments:
jvm_args: --add-modules=ALL-SYSTEM --add-opens=java.base/java.util=ALL-UNNAMED --add-opens=java.base/java.lang=ALL-UNNAMED --add-opens=java.base/sun.nio.fs=ALL-UNNAMED -Declipse.application=org.eclipse.jdt.ls.core.id1 -Dosgi.bundles.defaultStartLevel=4 -Declipse.product=org.eclipse.jdt.ls.core.product -Djava.import.generatesMetadataFilesAtProjectRoot=false -DDetectVMInstallationsJob.disabled=true -Dfile.encoding=utf8 -XX:+UseParallelGC -XX:GCTimeRatio=4 -XX:AdaptiveSizePolicyWeight=90 -Dsun.zip.disableMemoryMapping=true -Xmx2G -Xms100m -Xlog:disable -javaagent:c:\Users\jc4ba\.vscode\extensions\redhat.java-1.44.0-win32-x64\lombok\lombok-1.18.39-4050.jar -XX:+HeapDumpOnOutOfMemoryError -XX:HeapDumpPath=c:\Users\jc4ba\AppData\Roaming\Code\User\workspaceStorage\5e1cebdbb8de3047939de38de9c89ea7\redhat.java -Daether.dependencyCollector.impl=bf 
java_command: c:\Users\jc4ba\.vscode\extensions\redhat.java-1.44.0-win32-x64\server\plugins\org.eclipse.equinox.launcher_1.7.0.v20250519-0528.jar -configuration c:\Users\jc4ba\AppData\Roaming\Code\User\globalStorage\redhat.java\1.44.0\config_win -data c:\Users\jc4ba\AppData\Roaming\Code\User\workspaceStorage\5e1cebdbb8de3047939de38de9c89ea7\redhat.java\jdt_ws --pipe=\\.\pipe\lsp-d5c2ab9a330352b6db125b69d933369e-sock
java_class_path (initial): c:\Users\jc4ba\.vscode\extensions\redhat.java-1.44.0-win32-x64\server\plugins\org.eclipse.equinox.launcher_1.7.0.v20250519-0528.jar
Launcher Type: SUN_STANDARD

[Global flags]
    uintx AdaptiveSizePolicyWeight                 = 90                                        {product} {command line}
     intx CICompilerCount                          = 4                                         {product} {ergonomic}
    uintx GCTimeRatio                              = 4                                         {product} {command line}
     bool HeapDumpOnOutOfMemoryError               = true                                   {manageable} {command line}
    ccstr HeapDumpPath                             = c:\Users\jc4ba\AppData\Roaming\Code\User\workspaceStorage\5e1cebdbb8de3047939de38de9c89ea7\redhat.java         {manageable} {command line}
   size_t InitialHeapSize                          = 104857600                                 {product} {command line}
   size_t MaxHeapSize                              = 2147483648                                {product} {command line}
   size_t MaxNewSize                               = 715653120                                 {product} {ergonomic}
   size_t MinHeapDeltaBytes                        = 524288                                    {product} {ergonomic}
   size_t MinHeapSize                              = 104857600                                 {product} {command line}
   size_t NewSize                                  = 34603008                                  {product} {ergonomic}
    uintx NonNMethodCodeHeapSize                   = 5839372                                {pd product} {ergonomic}
    uintx NonProfiledCodeHeapSize                  = 122909434                              {pd product} {ergonomic}
   size_t OldSize                                  = 70254592                                  {product} {ergonomic}
    uintx ProfiledCodeHeapSize                     = 122909434                              {pd product} {ergonomic}
    uintx ReservedCodeCacheSize                    = 251658240                              {pd product} {ergonomic}
     bool SegmentedCodeCache                       = true                                      {product} {ergonomic}
   size_t SoftMaxHeapSize                          = 2147483648                             {manageable} {ergonomic}
     bool UseCompressedOops                        = true                           {product lp64_product} {ergonomic}
     bool UseLargePagesIndividualAllocation        = false                                  {pd product} {ergonomic}
     bool UseParallelGC                            = true                                      {product} {command line}

Logging:
Log output configuration:
 #0: stdout all=off uptime,level,tags foldmultilines=false
 #1: stderr all=off uptime,level,tags foldmultilines=false

Environment Variables:
JAVA_HOME=C:\Program Files\Amazon Corretto\jdk17.0.13_11
PATH=D:\Downloads\oracle_install\bin;C:\Program Files\Amazon Corretto\jdk17.0.13_11\bin;C:\Windows\system32;C:\Windows;C:\Windows\System32\Wbem;C:\Windows\System32\WindowsPowerShell\v1.0\;C:\Windows\System32\OpenSSH\;C:\Program Files\dotnet\;C:\Program Files\MySQL\MySQL Shell 8.0\bin\;C:\Program Files\MySQL\MySQL Server 8.0\bin;C:\xampp\mysql\bin;C:\Program Files\nodejs\;C:\ProgramData\chocolatey\bin;C:\xampp\php;;C:\Program Files\NVIDIA Corporation\NVIDIA App\NvDLISR;C:\Program Files (x86)\NVIDIA Corporation\PhysX\Common;C:\Users\jc4ba\AppData\Local\Programs\Python\Python310\Scripts\;C:\Users\jc4ba\AppData\Local\Programs\Python\Python310\;C:\Program Files\MySQL\MySQL Shell 8.0\bin\;C:\Users\jc4ba\AppData\Local\Microsoft\WindowsApps;C:\Program Files\JetBrains\IntelliJ IDEA Community Edition 2024.3\bin;;C:\Users\jc4ba\AppData\Local\GitHubDesktop\bin;C:\Users\jc4ba\AppData\Local\Programs\Microsoft VS Code\bin;C:\Users\jc4ba\AppData\Local\Muse Hub\lib;C:\Users\jc4ba\AppData\Roaming\npm;C:\xampp\php;
USERNAME=jc4balos
OS=Windows_NT
PROCESSOR_IDENTIFIER=Intel64 Family 6 Model 126 Stepping 5, GenuineIntel
TMP=C:\Users\jc4ba\AppData\Local\Temp
TEMP=C:\Users\jc4ba\AppData\Local\Temp




Periodic native trim disabled

---------------  S Y S T E M  ---------------

OS:
 Windows 10 , 64 bit Build 19041 (10.0.19041.5915)
OS uptime: 7 days 3:27 hours

CPU: total 8 (initial active 8) (4 cores per cpu, 2 threads per core) family 6 model 126 stepping 5 microcode 0xb0, cx8, cmov, fxsr, ht, mmx, 3dnowpref, sse, sse2, sse3, ssse3, sse4.1, sse4.2, popcnt, lzcnt, tsc, tscinvbit, avx, avx2, aes, erms, clmul, bmi1, bmi2, adx, avx512f, avx512dq, avx512cd, avx512bw, avx512vl, sha, fma, vzeroupper, avx512_vpopcntdq, avx512_vpclmulqdq, avx512_vaes, avx512_vnni, clflush, clflushopt, avx512_vbmi2, avx512_vbmi, rdtscp, rdpid, fsrm, gfni, avx512_bitalg, f16c, pku, avx512_ifma
Processor Information for the first 8 processors :
  Max Mhz: 1190, Current Mhz: 991, Mhz Limit: 987

Memory: 4k page, system-wide physical 20244M (7079M free)
TotalPageFile size 28321M (AvailPageFile size 17M)
current process WorkingSet (physical memory assigned to process): 14M, peak: 14M
current process commit charge ("private bytes"): 182M, peak: 184M

vm_info: OpenJDK 64-Bit Server VM (21.0.8+9-LTS) for windows-amd64 JRE (21.0.8+9-LTS), built on 2025-07-15T00:00:00Z by "admin" with MS VC++ 17.7 (VS2022)

END.
